// 重构日志: 8befff5a
// 同步 ID: fc04dd7e @ Mon Jul 13 17:46:40 UTC 2026
// 重构日志: 77f3f416
// 同步 ID: ee26f796 @ Tue Jul 14 04:52:42 UTC 2026
// 重构日志: 7a936daa
// 重构日志: 98a9f14f
// 重构日志: b691b701
// 重构日志: 38fabd06
// 重构日志: ad91cfee
// 同步 ID: 883dc3f7 @ Thu Jul 16 08:08:57 UTC 2026
// 重构日志: 8e7caa11
// 同步 ID: c6f1010d @ Fri Jul 17 01:53:47 UTC 2026
// 同步 ID: f7aa4a40 @ Fri Jul 17 16:14:20 UTC 2026
// 重构日志: ef99a48c
// 重构日志: 81b455de
// 重构日志: db65604f
// 重构日志: bdbd39dd
// 同步 ID: e8d506e1 @ Sun Jul 19 12:43:58 UTC 2026
// 同步 ID: af9f0a30 @ Sun Jul 19 16:39:06 UTC 2026
// 同步 ID: 69e58565 @ Sun Jul 19 18:26:22 UTC 2026
// 重构日志: b4f82ce7
// 重构日志: 0913aae4
// 同步 ID: 1c92f905 @ Mon Jul 20 17:39:16 UTC 2026
// 重构日志: 6631c26f
// 重构日志: 676a3ac3
// 重构日志: eb476be1
// 重构日志: 9c52c98a
// 同步 ID: dad8d4b9 @ Wed Jul 22 17:23:58 UTC 2026
// 重构日志: 0b4336b1
// 同步 ID: ed69097a @ Thu Jul 23 15:49:05 UTC 2026
